영국과 한국의 미술 및 예술 비교
[ 역사적, 종교적, 문화적 배경에 따른 차이 ]

	영국과 한국은 각기 다른 역사적, 종교적, 문화적 배경 속에서 독특한 미술 및 예술 전통을 발전시켜왔다.
	두 국가의 예술은 단순한 시각적 표현을 넘어 사회, 정치, 종교, 철학적 가치를 반영하며, 시대와 환경에 따라 서로 다른 방향으로 진화해왔다. 
	본 레포트는 영국과 한국의 미술 및 예술의 역사적 기원, 종교적 영향, 주요 특징, 그리고 현대 예술의 경향성을 비교 분석함으로써 양국의 예술적 정체성을 이해하고자 한다.

		1. 역사적 배경과 예술의 기원

			1.1 한국: 전통과 혁신의 예술

				한국 미술은 삼국시대부터 고유한 예술적 감성을 표현해왔다. 
				고구려의 벽화, 백제의 섬세한 불상 조각, 신라의 금속 공예는 한국 고대 미술의 정수를 보여준다. 
				고려 시대에는 불교가 예술의 중심이 되어 아름다운 불화와 청자가 발달했으며, 조선 시대에는 유교적 가치가 회화, 서예, 공예에 스며들었다. 
				특히, 조선 후기 문인화가 발달하면서 예술이 단순한 장식에서 철학적 사유의 도구로 진화했다.

			1.2 영국: 중세에서 현대까지의 예술

				영국의 미술은 초기 중세의 성당 벽화와 수도원 장식에서 시작되었다. 
				르네상스 이후 영국은 유럽 예술의 흐름 속에서 독자적인 길을 걸었으며, 18세기에는 산업혁명과 함께 미술이 상업화되기 시작했다. 
				윌리엄 터너와 존 컨스터블과 같은 풍경화가들은 영국 자연의 아름다움을 섬세하게 표현했다. 
				19세기에는 빅토리아 시대의 낭만주의와 사실주의가 영국 미술을 주도했으며, 20세기 들어서는 현대 예술 운동이 급속히 확산되었다.

		2. 종교와 예술의 상호작용

			2.1 한국: 불교와 유교의 영향

				한국의 전통 미술은 불교와 유교의 영향을 크게 받았다. 
				불교 미술은 불상, 불화, 탑 등에서 그 정수를 드러냈고, 사찰 건축은 자연과의 조화를 중요시했다. 
				반면 유교는 주로 서예와 문인화에 깊은 영향을 주었으며, 도덕적 교훈과 철학적 사유가 강조되었다. 
				이 두 사상은 조화롭게 결합되어 한국 전통 예술의 기반을 형성했다.

			2.2 영국: 기독교와 종교개혁의 영향

				영국 미술은 초기에는 기독교적 주제에 집중되었으며, 교회 장식과 대성당 스테인드글라스가 대표적이다. 
				종교개혁 이후에는 종교적 주제가 점차 약화되었고, 대신 초상화, 풍경화, 일상생활을 주제로 한 예술이 등장했다. 
				특히 빅토리아 시대에는 도덕적 교훈과 현실적 묘사가 중요한 주제로 다뤄졌다.

			2.3 종교적 예술의 차이

				한국: 종교적 주제와 자연의 조화, 정신적 성찰을 강조.

				영국: 종교적 상징성에서 현실적, 인간 중심적 주제로 변화.

		3. 회화와 조각 예술

			3.1 한국: 문인화와 민화

				조선 시대의 문인화는 사군자(매화, 난초, 국화, 대나무)를 통해 예술가의 정신세계를 표현했다. 
				민화는 서민들의 염원과 일상생활을 담아 대중적 예술로 자리 잡았다.

			3.2 영국: 풍경화와 초상화

				영국은 풍경화의 전통이 강하다. 
				윌리엄 터너와 존 컨스터블은 영국의 자연을 낭만적이면서도 사실적으로 표현했다. 
				초상화는 사회적 지위와 권위를 드러내는 수단으로 사용되었다.

		4. 공예와 디자인

			4.1 한국: 도자기와 금속 공예

				고려청자와 조선백자는 한국 도자기 예술의 정점이다. 
				금속 공예는 섬세한 장식과 정교한 기술을 특징으로 한다.

			4.2 영국: 산업혁명과 디자인 혁신

				산업혁명은 영국의 공예와 디자인에 큰 변화를 가져왔다. 
				윌리엄 모리스의 '아츠 앤 크래프츠' 운동은 수공예의 가치를 되살리며 디자인의 혁신을 주도했다.

		5. 현대 예술과 문화

			5.1 한국: K-아트와 세계화

				현대 한국 예술은 글로벌 무대에서 주목받고 있다. 
				미디어 아트, 설치 미술, 한류 문화는 전 세계적으로 확산되고 있으며, 전통과 현대를 결합한 독창성이 돋보인다.

			5.2 영국: 다원화된 현대 예술

				영국의 현대 예술은 다양성과 실험정신이 두드러진다. 
				데미안 허스트와 같은 예술가는 충격적이면서도 철학적 질문을 던지는 작품으로 세계적인 명성을 얻었다.

		6. 예술 교육과 사회적 인식

			한국: 예술 교육은 주로 실기 중심으로 이루어지며, 전통 예술에 대한 존중이 강조된다.

			영국: 창의적 사고와 비판적 시각을 강조하며, 다양한 현대 예술 교육 프로그램이 활성화되어 있다.

		7. 결론

			영국과 한국의 미술 및 예술은 각기 다른 역사적, 종교적, 문화적 배경 속에서 발전해왔다. 
			두 나라의 예술은 시대의 변화에 따라 다양한 형태로 진화해왔으며, 오늘날에는 글로벌화된 현대 예술로 통합되어 가고 있다.